build/app/intermediates/manifest_merge_blame_file/release/manifest-merger-blame-release-report.txt
1<?xml version="1.0" encoding="utf-8"?>
2<manifest xmlns:android="http://schemas.android.com/apk/res/android"
3    package="com.example.christian_union_attendance_app"
4    android:versionCode="1"
5    android:versionName="1.0.0" >
6
7    <uses-sdk
8        android:minSdkVersion="23"
8-->src\main\AndroidManifest.xml
9        android:targetSdkVersion="33" />
9-->src\main\AndroidManifest.xml
10
11    <!-- SMS permissions for sending messages -->
12    <uses-permission android:name="android.permission.SEND_SMS" />
12-->src\main\AndroidManifest.xml:4:5-67
12-->src\main\AndroidManifest.xml:4:22-64
13    <uses-permission android:name="android.permission.READ_SMS" />
13-->src\main\AndroidManifest.xml:5:5-67
13-->src\main\AndroidManifest.xml:5:22-64
14    <uses-permission android:name="android.permission.RECEIVE_SMS" />
14-->src\main\AndroidManifest.xml:6:5-70
14-->src\main\AndroidManifest.xml:6:22-67
15
16    <!-- Phone state permission for telephony features -->
17    <uses-permission android:name="android.permission.READ_PHONE_STATE" />
17-->src\main\AndroidManifest.xml:9:5-75
17-->src\main\AndroidManifest.xml:9:22-72
18
19    <!-- Storage permissions for database and file operations -->
20    <uses-permission android:name="android.permission.WRITE_EXTERNAL_STORAGE" />
20-->src\main\AndroidManifest.xml:12:5-81
20-->src\main\AndroidManifest.xml:12:22-78
21    <uses-permission android:name="android.permission.READ_EXTERNAL_STORAGE" />
21-->src\main\AndroidManifest.xml:13:5-80
21-->src\main\AndroidManifest.xml:13:22-77
22
23    <!-- Internet permission (optional, for future cloud sync) -->
24    <uses-permission android:name="android.permission.INTERNET" />
24-->src\main\AndroidManifest.xml:16:5-67
24-->src\main\AndroidManifest.xml:16:22-64
25
26    <!-- Biometric authentication permissions -->
27    <uses-permission android:name="android.permission.USE_FINGERPRINT" />
27-->src\main\AndroidManifest.xml:19:5-74
27-->src\main\AndroidManifest.xml:19:22-71
28    <uses-permission android:name="android.permission.USE_BIOMETRIC" />
28-->src\main\AndroidManifest.xml:20:5-72
28-->src\main\AndroidManifest.xml:20:22-69
29
30    <!--
31         Required to query activities that can process text, see:
32         https://developer.android.com/training/package-visibility and
33         https://developer.android.com/reference/android/content/Intent#ACTION_PROCESS_TEXT.
34
35         In particular, this is used by the Flutter engine in io.flutter.plugin.text.ProcessTextPlugin.
36    -->
37    <queries>
37-->src\main\AndroidManifest.xml:63:5-68:15
38        <intent>
38-->src\main\AndroidManifest.xml:64:9-67:18
39            <action android:name="android.intent.action.PROCESS_TEXT" />
39-->src\main\AndroidManifest.xml:65:13-73
39-->src\main\AndroidManifest.xml:65:21-70
40
41            <data android:mimeType="text/plain" />
41-->src\main\AndroidManifest.xml:66:13-51
41-->src\main\AndroidManifest.xml:66:19-48
42        </intent>
43    </queries>
44
45    <uses-permission android:name="android.permission.ACCESS_COARSE_LOCATION" />
45-->[:telephony] AndroidManifest.xml:9:5-81
45-->[:telephony] AndroidManifest.xml:9:22-78
46
47    <permission
47-->[androidx.core:core:1.10.1] AndroidManifest.xml:22:5-24:47
48        android:name="com.example.christian_union_attendance_app.DYNAMIC_RECEIVER_NOT_EXPORTED_PERMISSION"
48-->[androidx.core:core:1.10.1] AndroidManifest.xml:23:9-81
49        android:protectionLevel="signature" />
49-->[androidx.core:core:1.10.1] AndroidManifest.xml:24:9-44
50
51    <uses-permission android:name="com.example.christian_union_attendance_app.DYNAMIC_RECEIVER_NOT_EXPORTED_PERMISSION" />
51-->[androidx.core:core:1.10.1] AndroidManifest.xml:26:5-97
51-->[androidx.core:core:1.10.1] AndroidManifest.xml:26:22-94
52
53    <application
54        android:name="android.app.Application"
54-->src\main\AndroidManifest.xml:24:9-42
55        android:appComponentFactory="androidx.core.app.CoreComponentFactory"
55-->[androidx.core:core:1.10.1] AndroidManifest.xml:28:18-86
56        android:extractNativeLibs="false"
57        android:icon="@mipmap/ic_launcher"
57-->src\main\AndroidManifest.xml:25:9-43
58        android:label="TUK CU Mass Messaging" >
58-->src\main\AndroidManifest.xml:23:9-46
59        <activity
59-->src\main\AndroidManifest.xml:27:9-49:20
60            android:name="com.example.christian_union_attendance_app.MainActivity"
60-->src\main\AndroidManifest.xml:28:13-41
61            android:configChanges="orientation|keyboardHidden|keyboard|screenSize|smallestScreenSize|locale|layoutDirection|fontScale|screenLayout|density|uiMode"
61-->src\main\AndroidManifest.xml:32:13-163
62            android:exported="true"
62-->src\main\AndroidManifest.xml:29:13-36
63            android:hardwareAccelerated="true"
63-->src\main\AndroidManifest.xml:33:13-47
64            android:launchMode="singleTop"
64-->src\main\AndroidManifest.xml:30:13-43
65            android:theme="@style/LaunchTheme"
65-->src\main\AndroidManifest.xml:31:13-47
66            android:windowSoftInputMode="adjustResize" >
66-->src\main\AndroidManifest.xml:34:13-55
67
68            <!--
69                 Specifies an Android theme to apply to this Activity as soon as
70                 the Android process has started. This theme is visible to the user
71                 while the Flutter UI initializes. After that, this theme continues
72                 to determine the Window background behind the Flutter UI.
73            -->
74            <meta-data
74-->src\main\AndroidManifest.xml:40:13-43:17
75                android:name="io.flutter.embedding.android.NormalTheme"
75-->src\main\AndroidManifest.xml:41:15-70
76                android:resource="@style/NormalTheme" />
76-->src\main\AndroidManifest.xml:42:15-52
77
78            <intent-filter android:autoVerify="true" >
78-->src\main\AndroidManifest.xml:45:13-48:29
78-->src\main\AndroidManifest.xml:45:28-53
79                <action android:name="android.intent.action.MAIN" />
79-->src\main\AndroidManifest.xml:46:17-68
79-->src\main\AndroidManifest.xml:46:25-66
80
81                <category android:name="android.intent.category.LAUNCHER" />
81-->src\main\AndroidManifest.xml:47:17-76
81-->src\main\AndroidManifest.xml:47:27-74
82            </intent-filter>
83        </activity>
84
85        <!--
86             Don't delete the meta-data below.
87             This is used by the Flutter tool to generate GeneratedPluginRegistrant.java
88        -->
89        <meta-data
89-->src\main\AndroidManifest.xml:53:9-55:33
90            android:name="flutterEmbedding"
90-->src\main\AndroidManifest.xml:54:13-44
91            android:value="2" />
91-->src\main\AndroidManifest.xml:55:13-30
92        <!--
93           Declares a provider which allows us to store files to share in
94           '.../caches/share_plus' and grant the receiving action access
95        -->
96        <provider
96-->[:share_plus] AndroidManifest.xml:15:9-23:20
97            android:name="dev.fluttercommunity.plus.share.ShareFileProvider"
97-->[:share_plus] AndroidManifest.xml:16:13-77
98            android:authorities="com.example.christian_union_attendance_app.flutter.share_provider"
98-->[:share_plus] AndroidManifest.xml:17:13-74
99            android:exported="false"
99-->[:share_plus] AndroidManifest.xml:18:13-37
100            android:grantUriPermissions="true" >
100-->[:share_plus] AndroidManifest.xml:19:13-47
101            <meta-data
101-->[:share_plus] AndroidManifest.xml:20:13-22:68
102                android:name="android.support.FILE_PROVIDER_PATHS"
102-->[:share_plus] AndroidManifest.xml:21:17-67
103                android:resource="@xml/flutter_share_file_paths" />
103-->[:share_plus] AndroidManifest.xml:22:17-65
104        </provider>
105        <!--
106           This manifest declared broadcast receiver allows us to use an explicit
107           Intent when creating a PendingItent to be informed of the user's choice
108        -->
109        <receiver
109-->[:share_plus] AndroidManifest.xml:28:9-34:20
110            android:name="dev.fluttercommunity.plus.share.SharePlusPendingIntent"
110-->[:share_plus] AndroidManifest.xml:29:13-82
111            android:exported="false" >
111-->[:share_plus] AndroidManifest.xml:30:13-37
112            <intent-filter>
112-->[:share_plus] AndroidManifest.xml:31:13-33:29
113                <action android:name="EXTRA_CHOSEN_COMPONENT" />
113-->[:share_plus] AndroidManifest.xml:32:17-65
113-->[:share_plus] AndroidManifest.xml:32:25-62
114            </intent-filter>
115        </receiver>
116
117        <uses-library
117-->[androidx.window:window:1.0.0-beta04] AndroidManifest.xml:25:9-27:40
118            android:name="androidx.window.extensions"
118-->[androidx.window:window:1.0.0-beta04] AndroidManifest.xml:26:13-54
119            android:required="false" />
119-->[androidx.window:window:1.0.0-beta04] AndroidManifest.xml:27:13-37
120        <uses-library
120-->[androidx.window:window:1.0.0-beta04] AndroidManifest.xml:28:9-30:40
121            android:name="androidx.window.sidecar"
121-->[androidx.window:window:1.0.0-beta04] AndroidManifest.xml:29:13-51
122            android:required="false" />
122-->[androidx.window:window:1.0.0-beta04] AndroidManifest.xml:30:13-37
123
124        <provider
124-->[androidx.profileinstaller:profileinstaller:1.3.0] AndroidManifest.xml:24:9-32:20
125            android:name="androidx.startup.InitializationProvider"
125-->[androidx.profileinstaller:profileinstaller:1.3.0] AndroidManifest.xml:25:13-67
126            android:authorities="com.example.christian_union_attendance_app.androidx-startup"
126-->[androidx.profileinstaller:profileinstaller:1.3.0] AndroidManifest.xml:26:13-68
127            android:exported="false" >
127-->[androidx.profileinstaller:profileinstaller:1.3.0] AndroidManifest.xml:27:13-37
128            <meta-data
128-->[androidx.profileinstaller:profileinstaller:1.3.0] AndroidManifest.xml:29:13-31:52
129                android:name="androidx.profileinstaller.ProfileInstallerInitializer"
129-->[androidx.profileinstaller:profileinstaller:1.3.0] AndroidManifest.xml:30:17-85
130                android:value="androidx.startup" />
130-->[androidx.profileinstaller:profileinstaller:1.3.0] AndroidManifest.xml:31:17-49
131        </provider>
132
133        <receiver
133-->[androidx.profileinstaller:profileinstaller:1.3.0] AndroidManifest.xml:34:9-52:20
134            android:name="androidx.profileinstaller.ProfileInstallReceiver"
134-->[androidx.profileinstaller:profileinstaller:1.3.0] AndroidManifest.xml:35:13-76
135            android:directBootAware="false"
135-->[androidx.profileinstaller:profileinstaller:1.3.0] AndroidManifest.xml:36:13-44
136            android:enabled="true"
136-->[androidx.profileinstaller:profileinstaller:1.3.0] AndroidManifest.xml:37:13-35
137            android:exported="true"
137-->[androidx.profileinstaller:profileinstaller:1.3.0] AndroidManifest.xml:38:13-36
138            android:permission="android.permission.DUMP" >
138-->[androidx.profileinstaller:profileinstaller:1.3.0] AndroidManifest.xml:39:13-57
139            <intent-filter>
139-->[androidx.profileinstaller:profileinstaller:1.3.0] AndroidManifest.xml:40:13-42:29
140                <action android:name="androidx.profileinstaller.action.INSTALL_PROFILE" />
140-->[androidx.profileinstaller:profileinstaller:1.3.0] AndroidManifest.xml:41:17-91
140-->[androidx.profileinstaller:profileinstaller:1.3.0] AndroidManifest.xml:41:25-88
141            </intent-filter>
142            <intent-filter>
142-->[androidx.profileinstaller:profileinstaller:1.3.0] AndroidManifest.xml:43:13-45:29
143                <action android:name="androidx.profileinstaller.action.SKIP_FILE" />
143-->[androidx.profileinstaller:profileinstaller:1.3.0] AndroidManifest.xml:44:17-85
143-->[androidx.profileinstaller:profileinstaller:1.3.0] AndroidManifest.xml:44:25-82
144            </intent-filter>
145            <intent-filter>
145-->[androidx.profileinstaller:profileinstaller:1.3.0] AndroidManifest.xml:46:13-48:29
146                <action android:name="androidx.profileinstaller.action.SAVE_PROFILE" />
146-->[androidx.profileinstaller:profileinstaller:1.3.0] AndroidManifest.xml:47:17-88
146-->[androidx.profileinstaller:profileinstaller:1.3.0] AndroidManifest.xml:47:25-85
147            </intent-filter>
148            <intent-filter>
148-->[androidx.profileinstaller:profileinstaller:1.3.0] AndroidManifest.xml:49:13-51:29
149                <action android:name="androidx.profileinstaller.action.BENCHMARK_OPERATION" />
149-->[androidx.profileinstaller:profileinstaller:1.3.0] AndroidManifest.xml:50:17-95
149-->[androidx.profileinstaller:profileinstaller:1.3.0] AndroidManifest.xml:50:25-92
150            </intent-filter>
151        </receiver>
152    </application>
153
154</manifest>